info it worked if it ends with ok
verbose cli [ 'node', '/usr/local/bin/npm', 'install', '-g', 'nodeio-web' ]
info using npm@1.1.4
info using node@v0.6.8
verbose /usr/local/bin/node node symlink
verbose config file /Users/cln/.npmrc
verbose config file /usr/local/etc/npmrc
verbose config file /usr/local/lib/node_modules/npm/npmrc
silly exec /usr/local/bin/node "/usr/local/lib/node_modules/npm/bin/npm-get-uid-gid.js" "nobody" 20
silly spawning [ '/usr/local/bin/node',
silly spawning   [ '/usr/local/lib/node_modules/npm/bin/npm-get-uid-gid.js',
silly spawning     'nobody',
silly spawning     20 ],
silly spawning   null ]
silly output from getuid/gid {"uid":-2,"gid":20}
silly output from getuid/gid 
verbose cache add [ 'nodeio-web', null ]
silly cache add: name, spec, args [ undefined, 'nodeio-web', [ 'nodeio-web', null ] ]
verbose parsed url { pathname: 'nodeio-web',
verbose parsed url   path: 'nodeio-web',
verbose parsed url   href: 'nodeio-web' }
verbose addNamed [ 'nodeio-web', '' ]
verbose addNamed [ null, '' ]
silly name, range, hasData [ 'nodeio-web', '', false ]
verbose raw, before any munging nodeio-web
verbose url resolving [ 'https://registry.npmjs.org/', './nodeio-web' ]
verbose url resolved https://registry.npmjs.org/nodeio-web
http GET https://registry.npmjs.org/nodeio-web
http 404 https://registry.npmjs.org/nodeio-web
silly get cb [ 404,
silly get cb   { server: 'CouchDB/1.2.0 (Erlang OTP/R15B)',
silly get cb     date: 'Tue, 27 Mar 2012 18:35:04 GMT',
silly get cb     'content-type': 'application/json',
silly get cb     'content-length': '52',
silly get cb     'cache-control': 'must-revalidate' } ]
ERR! 404 'nodeio-web' is not in the npm registry.
ERR! 404 You should bug the author to publish it
ERR! 404 Note that you can also install from a
ERR! 404 tarball, folder, or http url, or git url.
ERR! 
ERR! System Darwin 11.1.0
ERR! command "node" "/usr/local/bin/npm" "install" "-g" "nodeio-web"
ERR! cwd /Users/cln/Projects/Furnitures
ERR! node -v v0.6.8
ERR! npm -v 1.1.4
ERR! code E404
ERR! message 404 Not Found: nodeio-web
ERR! errno {}
verbose exit [ 1, true ]
